2020-04-24--20:04:58 INFO   com.demo  (77-2) A photon walks into a hotel. The bellhop asks if he needs help with his bags. The photon replies, No thanks, Im travelling light.
2020-04-24--20:04:58 INFO   com.demo  (78-2) Its hard to explain puns to kleptomaniacs because they always take things literally.
2020-04-24--20:04:58 INFO   com.demo  (79-2) I asked my North Korean friend how it was there, he said he couldnt complain.
2020-04-24--20:04:59 INFO   com.demo  (80-2) Parallel lines have so much in common but its a shame theyll never meet.
2020-04-24--20:04:59 INFO   com.demo  (81-2) How did we know communism was doomed from the beginning? All the red flags.
2020-04-24--20:04:59 INFO   com.demo  (82-2) I would tell you a joke about UDP, but you might not get it.
2020-04-24--20:05:00 INFO   com.demo  (83-2) Im going to keep telling you this TCP joke until you get it.
2020-04-24--20:05:00 INFO   com.demo  (84-2) Alcoholics dont run in my family - they mostly stumble around and bump into things.
2020-04-24--20:05:00 INFO   com.demo  (85-2) A bipartisan bill legalizing medical marijuana for use in alleviating symptoms of arthritis would be joint support for joint support for joint support.
2020-04-24--20:05:01 INFO   com.demo  (86-2) I heard that Amazons offering a service that crowdsources teaching how to dance, and theyre calling it Mechanical Twerk.
2020-04-24--20:05:01 INFO   com.demo  (87-2) When the two musicians got an apartment together, they ended up composing a Romance in A Flat.
2020-04-24--20:05:01 INFO   com.demo  (88-2) I made a new word up! Its Plagiarism.
2020-04-24--20:05:01 INFO   com.demo  (89-2) I for one like roman numerals.
2020-04-24--20:05:02 INFO   com.demo  (90-2) Most people are shocked when they find out how incompetent I am as an electrician.
2020-04-24--20:05:02 INFO   com.demo  (91-2) If lawyers are disbarred and priests are defrocked, then are electricians delighted?
2020-04-24--20:05:02 INFO   com.demo  (92-2) When does a joke become a dad joke? When the punch line becomes apparent.
2020-04-24--20:05:03 INFO   com.demo  (93-2) I wanted to write an IPv4 joke, but the good ones were all already exhausted.
2020-04-24--20:05:03 INFO   com.demo  (94-2) What kind of doctor fixes broken websites? A URLologist.
2020-04-24--20:05:03 INFO   com.demo  (95-2) In computing, whats the only way to generate a truly random string? Put a Windows user in front of VI and tell him to quit.
2020-04-24--20:05:04 INFO   com.demo  (96-2) I think a lot of linux package handling systems are not good enough for the task. But the one with Ubuntu is apt.
2020-04-24--20:05:04 INFO   com.demo  (97-2) Met a guy once who rapped about nothing but Linux systems His name was 50CentOS
2020-04-24--20:05:04 INFO   com.demo  (98-2) Why are linux geeks very introvertish ? Because they never get out of their shell
2020-04-24--20:05:04 INFO   com.demo  (99-2) What is the object-orientated way to become wealthy? inheritance
2020-04-24--20:05:04 INFO   com.demo  (100-2) A programmer had a problem - he decided to use Java, He now has a ProblemFactory
2020-04-24--20:05:05 INFO   com.demo  (101-2) if you put a million monkeys on a million keyboards, one of them will eventually write a Java program, The REST will write Perl
2020-04-24--20:05:05 INFO   com.demo  (102-2) A server was a man with drinks
2020-04-24--20:05:05 INFO   com.demo  (103-2) A Notebook was where you write
2020-04-24--20:05:05 INFO   com.demo  (104-2) A click was done with fingers
2020-04-24--20:05:05 INFO   com.demo  (105-2) And a reboot means you had a fight
2020-04-24--20:05:05 INFO   com.demo  (106-2) Cyberspace was where the spaceships went
2020-04-24--20:05:05 INFO   com.demo  (107-2) A screen saver was a cinema's bodyguard
2020-04-24--20:05:05 INFO   com.demo  (108-2) Traffic only happened in cars
2020-04-24--20:05:05 INFO   com.demo  (109-2) And Spam always had a lot of lard
2020-04-24--20:05:05 INFO   com.demo  (110-2) Java was a type of bean
2020-04-24--20:05:05 INFO   com.demo  (111-2) Hacking was what an axe-man's job,
2020-04-24--20:05:05 INFO   com.demo  (112-2) A platform was where you sang
2020-04-24--20:05:05 INFO   com.demo  (113-2) And a volley was a type of lob
2020-04-24--20:05:05 INFO   com.demo  (114-2) The Age Before The Computer - devang-gandhi
2020-04-24--20:05:05 INFO   com.demo  (1-3) The first computer dates back to Adam and Eve. It was an Apple with limited memory, just one byte. And then everything crashed.
2020-04-24--20:05:06 INFO   com.demo  (2-3) I changed my password to incorrect. So whenever I forget what it is the computer will say Your password is incorrect
2020-04-24--20:05:06 INFO   com.demo  (3-3) Question What do you call the security people outside of a Samsung Store? Answer Guardians of the Galaxy
2020-04-24--20:05:06 INFO   com.demo  (4-3) Maybe if we start telling people the brain is an app they will start using it.
2020-04-24--20:05:06 INFO   com.demo  (5-3) I think my neighbor is stalking me as she has been googling my name on her computer. I saw it through my telescope last night.
