2020-04-24--20:04:27 INFO   com.demo  (74-1) The oldest computer can be traced back to Adam and Eve. It was an apple but with extremely limited memory. Just 1 byte. And then everything crashed.
2020-04-24--20:04:27 INFO   com.demo  (75-1) I started a band called 999 megabytes we still havent gotten a gig
2020-04-24--20:04:28 INFO   com.demo  (76-1) I saw a sign that said watch for children and I thought, That sounds like a fair trade
2020-04-24--20:04:28 INFO   com.demo  (77-1) A photon walks into a hotel. The bellhop asks if he needs help with his bags. The photon replies, No thanks, Im travelling light.
2020-04-24--20:04:28 INFO   com.demo  (78-1) Its hard to explain puns to kleptomaniacs because they always take things literally.
2020-04-24--20:04:29 INFO   com.demo  (79-1) I asked my North Korean friend how it was there, he said he couldnt complain.
2020-04-24--20:04:29 INFO   com.demo  (80-1) Parallel lines have so much in common but its a shame theyll never meet.
2020-04-24--20:04:29 INFO   com.demo  (81-1) How did we know communism was doomed from the beginning? All the red flags.
2020-04-24--20:04:30 INFO   com.demo  (82-1) I would tell you a joke about UDP, but you might not get it.
2020-04-24--20:04:30 INFO   com.demo  (83-1) Im going to keep telling you this TCP joke until you get it.
2020-04-24--20:04:30 INFO   com.demo  (84-1) Alcoholics dont run in my family - they mostly stumble around and bump into things.
2020-04-24--20:04:30 INFO   com.demo  (85-1) A bipartisan bill legalizing medical marijuana for use in alleviating symptoms of arthritis would be joint support for joint support for joint support.
2020-04-24--20:04:31 INFO   com.demo  (86-1) I heard that Amazons offering a service that crowdsources teaching how to dance, and theyre calling it Mechanical Twerk.
2020-04-24--20:04:31 INFO   com.demo  (87-1) When the two musicians got an apartment together, they ended up composing a Romance in A Flat.
2020-04-24--20:04:31 INFO   com.demo  (88-1) I made a new word up! Its Plagiarism.
2020-04-24--20:04:32 INFO   com.demo  (89-1) I for one like roman numerals.
2020-04-24--20:04:32 INFO   com.demo  (90-1) Most people are shocked when they find out how incompetent I am as an electrician.
2020-04-24--20:04:32 INFO   com.demo  (91-1) If lawyers are disbarred and priests are defrocked, then are electricians delighted?
2020-04-24--20:04:33 INFO   com.demo  (92-1) When does a joke become a dad joke? When the punch line becomes apparent.
2020-04-24--20:04:33 INFO   com.demo  (93-1) I wanted to write an IPv4 joke, but the good ones were all already exhausted.
2020-04-24--20:04:33 INFO   com.demo  (94-1) What kind of doctor fixes broken websites? A URLologist.
2020-04-24--20:04:33 INFO   com.demo  (95-1) In computing, whats the only way to generate a truly random string? Put a Windows user in front of VI and tell him to quit.
2020-04-24--20:04:34 INFO   com.demo  (96-1) I think a lot of linux package handling systems are not good enough for the task. But the one with Ubuntu is apt.
2020-04-24--20:04:34 INFO   com.demo  (97-1) Met a guy once who rapped about nothing but Linux systems His name was 50CentOS
2020-04-24--20:04:34 INFO   com.demo  (98-1) Why are linux geeks very introvertish ? Because they never get out of their shell
2020-04-24--20:04:35 INFO   com.demo  (99-1) What is the object-orientated way to become wealthy? inheritance
2020-04-24--20:04:35 INFO   com.demo  (100-1) A programmer had a problem - he decided to use Java, He now has a ProblemFactory
2020-04-24--20:04:35 INFO   com.demo  (101-1) if you put a million monkeys on a million keyboards, one of them will eventually write a Java program, The REST will write Perl
2020-04-24--20:04:35 INFO   com.demo  (102-1) A server was a man with drinks
2020-04-24--20:04:35 INFO   com.demo  (103-1) A Notebook was where you write
2020-04-24--20:04:35 INFO   com.demo  (104-1) A click was done with fingers
2020-04-24--20:04:35 INFO   com.demo  (105-1) And a reboot means you had a fight
2020-04-24--20:04:35 INFO   com.demo  (106-1) Cyberspace was where the spaceships went
2020-04-24--20:04:35 INFO   com.demo  (107-1) A screen saver was a cinema's bodyguard
2020-04-24--20:04:35 INFO   com.demo  (108-1) Traffic only happened in cars
2020-04-24--20:04:35 INFO   com.demo  (109-1) And Spam always had a lot of lard
2020-04-24--20:04:35 INFO   com.demo  (110-1) Java was a type of bean
2020-04-24--20:04:36 INFO   com.demo  (111-1) Hacking was what an axe-man's job,
2020-04-24--20:04:36 INFO   com.demo  (112-1) A platform was where you sang
2020-04-24--20:04:36 INFO   com.demo  (113-1) And a volley was a type of lob
2020-04-24--20:04:36 INFO   com.demo  (114-1) The Age Before The Computer - devang-gandhi
2020-04-24--20:04:36 INFO   com.demo  (1-2) The first computer dates back to Adam and Eve. It was an Apple with limited memory, just one byte. And then everything crashed.
2020-04-24--20:04:36 INFO   com.demo  (2-2) I changed my password to incorrect. So whenever I forget what it is the computer will say Your password is incorrect
