2020-04-24--20:04:16 INFO   com.demo  (37-1) My mother told me, you dont have to put anything in your mouth you dont want to. Then she made me eat broccoli, which felt like double standards
2020-04-24--20:04:16 INFO   com.demo  (38-1) Four fonts walk into a bar. The barman says: Oi - get out. We dont want your type in here
2020-04-24--20:04:17 INFO   com.demo  (39-1) I went to buy camouflage trousers but I couldnt find any
2020-04-24--20:04:17 INFO   com.demo  (40-1) Im on a whisky diet. Ive lost three days already.
2020-04-24--20:04:17 INFO   com.demo  (41-1) Im a big fan of whiteboards. I find them quite re-markable.
2020-04-24--20:04:18 INFO   com.demo  (42-1) Im reading a horror story in Braille. Something bad is about to happen I can feel it.
2020-04-24--20:04:18 INFO   com.demo  (43-1) Did you hear about the kidnapping at school? Its okay. He woke up.
2020-04-24--20:04:18 INFO   com.demo  (44-1) What do you call a pig that knows karate? A pork chop!
2020-04-24--20:04:18 INFO   com.demo  (45-1) The problem isnt that obesity runs in your family. The problem is no one runs in your family
2020-04-24--20:04:19 INFO   com.demo  (46-1) I tried to change my password to penis but they said it was too short.
2020-04-24--20:04:19 INFO   com.demo  (47-1) The problem with kleptomaniacs is that they always take things literally
2020-04-24--20:04:19 INFO   com.demo  (48-1) I realised I was dyslexic when I went to a toga party dressed as a goat
2020-04-24--20:04:20 INFO   com.demo  (49-1) A dyslexic man walks into a bra
2020-04-24--20:04:20 INFO   com.demo  (50-1) The truth is out there. Anybody got the URL
2020-04-24--20:04:20 INFO   com.demo  (51-1) UNIX is basically a simple operating system, but you have to be a genius to understand the simplicity
2020-04-24--20:04:21 INFO   com.demo  (52-1) Unix is user friendly. Its just selective about who its friends are
2020-04-24--20:04:21 INFO   com.demo  (53-1) My daily Unix command list: unzip; strip; touch; finger; mount; fsck; more; yes; unmount; sleep
2020-04-24--20:04:21 INFO   com.demo  (54-1) My software never has bugs. It just develops random features.
2020-04-24--20:04:21 INFO   com.demo  (55-1) I would love to change the world, but they wont give me the source code.
2020-04-24--20:04:22 INFO   com.demo  (56-1) Beware of programmers that carry screwdrivers.
2020-04-24--20:04:22 INFO   com.demo  (57-1) Programming today is a race between software engineers striving to build bigger and better idiot-proof programs, and the Universe trying to produce bigger and better idiots. So far, the Universe is winning.
2020-04-24--20:04:22 INFO   com.demo  (58-1) The beginning of the programmers wisdom is understanding the difference between getting program to run and having a runnable program.
2020-04-24--20:04:23 INFO   com.demo  (59-1) If you give someone a program, you will frustrate them for a day; if you teach them how to program, you will frustrate them for a lifetime.
2020-04-24--20:04:23 INFO   com.demo  (60-1) Black holes are where God divided by zero.
2020-04-24--20:04:23 INFO   com.demo  (61-1) If brute force doesnt solve your problems, then you arent using enough.
2020-04-24--20:04:24 INFO   com.demo  (62-1) There are three kinds of people: those who can count and those who cant.
2020-04-24--20:04:24 INFO   com.demo  (63-1) Romantic relationships can actually be represented in algebra. You for example, have definitely at some point looked at your X and asked yourself Y.
2020-04-24--20:04:24 INFO   com.demo  (64-1) My iPod is in Titanic mode right now. It is syncing.
2020-04-24--20:04:24 INFO   com.demo  (65-1) A programmer gets shopping instructions from his wife: Go buy a cauliflower. If they have oranges, get two dozens. He comes home with 24 cauliflowers.
2020-04-24--20:04:25 INFO   com.demo  (66-1) How can you tell a programmer is an extrovert? When youre talking to him, hes looking at your shoes.
2020-04-24--20:04:25 INFO   com.demo  (67-1) College is really just kidnapping done backwards. If you dont give us a ridiculously large amount of money, well send you your child back.
2020-04-24--20:04:25 INFO   com.demo  (68-1) An SQL statement walks into a bar and sees two tables. It approaches, and asks may I join you?
2020-04-24--20:04:26 INFO   com.demo  (69-1) A cop pulls over Werner Heisenberg and says, Sir, do you know how fast you were going? Heisenberg responds, NO, but I know EXACTLY where I am.
2020-04-24--20:04:26 INFO   com.demo  (70-1) I just got fired from my job at the keyboard factory. They told me I wasnt putting in enough shifts.
2020-04-24--20:04:26 INFO   com.demo  (71-1) Have you heard of that new band 1023 Megabytes? Theyre pretty good, but they dont have a gig just yet.
2020-04-24--20:04:27 INFO   com.demo  (72-1) Question Why did the computer show up at work late? Answer It had a ?hard drive.
2020-04-24--20:04:27 INFO   com.demo  (73-1) I saw a driver texting and driving. It made me so mad I threw my beer at him.
